[Licensing::Module] Trying to connect to existing licensing client channel...
Built from '6000.4/staging' branch; Version is '6000.4.0f1 (8cf496087c8f) revision 9237654'; Using compiler version '194234433'; Build Type 'Release'
OS: 'Windows 11  (10.0.26200) CoreSingleLanguage' Language: 'es' Physical Memory: 7975 MB
BatchMode: 1, IsHumanControllingUs: 0, StartBugReporterOnCrash: 0, Is64bit: 1
[Licensing::IpcConnector] Channel LicenseClient-Nlicolas doesn't exist
System  architecture: x64
Process architecture: x64
Date: 2026-04-16T00:18:50Z
[Licensing::Module] Successfully launched the LicensingClient (PId: 23304)

COMMAND LINE ARGUMENTS:
C:\Program Files\Unity\Hub\Editor\6000.4.0f1\Editor\Unity.exe
-batchmode
-nographics
-quit
-projectPath
C:\VSCode\Runner-Game-3D-Online
-logFile
C:\VSCode\Runner-Game-3D-Online\unity-clean-check.log
Successfully changed project path to: C:\VSCode\Runner-Game-3D-Online
C:/VSCode/Runner-Game-3D-Online
[UnityMemory] Configuration Parameters - Can be set up in boot.config
    "memorysetup-temp-allocator-size-gi-baking-worker=262144"
    "memorysetup-temp-allocator-size-gi-baking-worker=262144"
    "memorysetup-temp-allocator-size-gi-baking-worker=262144"
    "memorysetup-temp-allocator-size-gi-baking-worker=262144"
    "memorysetup-temp-allocator-size-gi-baking-worker=262144"
    "memorysetup-temp-allocator-size-nav-mesh-worker=65536"
    "memorysetup-temp-allocator-size-audio-worker=65536"
    "memorysetup-temp-allocator-size-cloud-worker=32768"
    "memorysetup-temp-allocator-size-gfx=262144"
    "memorysetup-temp-allocator-size-preload-manager=33554432"
    "memorysetup-temp-allocator-size-job-worker=262144"
    "memorysetup-temp-allocator-size-background-worker=32768"
    "memorysetup-allocator-temp-initial-block-size-main=262144"
    "memorysetup-allocator-temp-initial-block-size-worker=262144"
    "memorysetup-bucket-allocator-granularity=16"
    "memorysetup-bucket-allocator-bucket-count=8"
    "memorysetup-bucket-allocator-block-size=33554432"
    "memorysetup-bucket-allocator-block-count=8"
    "memorysetup-main-allocator-block-size=16777216"
    "memorysetup-thread-allocator-block-size=16777216"
    "memorysetup-gfx-main-allocator-block-size=16777216"
    "memorysetup-gfx-thread-allocator-block-size=16777216"
    "memorysetup-cache-allocator-block-size=4194304"
    "memorysetup-typetree-allocator-block-size=2097152"
    "memorysetup-profiler-bucket-allocator-granularity=16"
    "memorysetup-profiler-bucket-allocator-bucket-count=8"
    "memorysetup-profiler-bucket-allocator-block-size=33554432"
    "memorysetup-profiler-bucket-allocator-block-count=8"
    "memorysetup-profiler-allocator-block-size=16777216"
    "memorysetup-profiler-editor-allocator-block-size=1048576"
    "memorysetup-temp-allocator-size-main=16777216"
    "memorysetup-job-temp-allocator-block-size=2097152"
    "memorysetup-job-temp-allocator-block-size-background=1048576"
    "memorysetup-job-temp-allocator-reduction-small-platforms=262144"
Player connection [15168]  Target information:

Player connection [15168]  * "[IP] 192.168.1.189 [Port] 55504 [Flags] 2 [Guid] 3266270824 [EditorId] 3266270824 [Version] 1048832 [Id] WindowsEditor(7,NICOLAS-LAPTOP) [Debug] 1 [PackageName] WindowsEditor [ProjectName] Editor" 

Player connection [15168] Host joined multi-casting on [225.0.0.222:54997]...
Player connection [15168] Host joined alternative multi-casting on [225.0.0.222:34997]...
Input System module state changed to: Initialized.
[Physics::Module] Initialized fallback backend.
[Physics::Module] Id: 0xdecafbad
[Licensing::IpcConnector] Successfully connected to: "LicenseClient-Nlicolas" at "2026-04-16T00:18:51.8530023Z"
[Package Manager] Connected to IPC stream "Upm-24352" after 1.9 seconds.
[Licensing::Module] Licensing is not yet initialized.
[Licensing::Client] Handshaking with LicensingClient:
  Version:                 1.18.1+9fbee8e
  Session Id:              4cc6d3a584744d918e4b51c4511a162e
  Correlation Id:          9755d2c1fe91f0d9030a56fe2503ac9b
  External correlation Id: 6716497749723379088
  Machine Id:              D5kAC0bhiSi74RpNZh2faJ8GADU=
[Licensing::Module] Successfully connected to LicensingClient on channel: "LicenseClient-Nlicolas" (connect: 0.86s, validation: 0.09s, handshake: 4.07s)
[Licensing::IpcConnector] Successfully connected to: "LicenseClient-Nlicolas-notifications" at "2026-04-16T00:18:56.0162585Z"
[Licensing::Module] Connected to LicensingClient (PId: 23304, launch time: 0.01, total connection time: 5.02s)
[Licensing::Module] Error: Access token is unavailable; failed to update
[Licensing::Client] Successfully resolved entitlement details
[Licensing::Module] License group:
  Id: F4-DWZD-FQ9A-QYB4-FPAF-XXXX
  Product: Unity Personal
  Type: ULF
  Expiration: Unlimited
[Licensing::Module] License group:
  Id: 4674177466942-UnityPersXXXX
  Product: Unity Personal
  Type: Assigned
  Expiration: Unlimited
[Licensing::Client] Successfully updated license, isAsync: True, time: 0.02
[Licensing::Client] Successfully resolved entitlement details
[Licensing::Module] License group:
  Id: F4-DWZD-FQ9A-QYB4-FPAF-XXXX
  Product: Unity Personal
  Type: ULF
  Expiration: Unlimited
[Licensing::Module] License group:
  Id: 4674177466942-UnityPersXXXX
  Product: Unity Personal
  Type: Assigned
  Expiration: Unlimited
[Licensing::Module] Licensing Background thread has ended after 5.08s
[Licensing::Module] Licensing is initialized (took 2.82s).
[Licensing::Client] Successfully resolved entitlement details
[Licensing::Module] License group:
  Id: F4-DWZD-FQ9A-QYB4-FPAF-XXXX
  Product: Unity Personal
  Type: ULF
  Expiration: Unlimited
[Licensing::Module] License group:
  Id: 4674177466942-UnityPersXXXX
  Product: Unity Personal
  Type: Assigned
  Expiration: Unlimited
Library Redirect Path: Library/
[Physics::Module] Selected backend.
[Physics::Module] Name: PhysX
[Physics::Module] Id: 0xf2b8ea05
[Physics::Module] SDK Version: 4.1.2
[Physics::Module] Integration Version: 1.0.0
[Physics::Module] Threading Mode: Multi-Threaded
Active build profile path: `Assets/Settings/BuildProfiles/Web-Release.asset`
Artifact Garbage Collection - Removed 2 unused hashed content files
Got setting from build profile YAML, name `m_BuildTarget`, value `20`
Got setting from build profile YAML, name `m_Subtarget`, value `0`
Refreshing native plugins compatible for Editor in 2.30 ms, found 0 plugins.
Initialize engine version: 6000.4.0f1 (8cf496087c8f)
[Subsystems] Discovering subsystems at path C:/Program Files/Unity/Hub/Editor/6000.4.0f1/Editor/Data/Resources/UnitySubsystems
[Subsystems] Discovering subsystems at path C:/VSCode/Runner-Game-3D-Online/Assets
Forcing GfxDevice: Null
GfxDevice: creating device client; kGfxThreadingModeNonThreaded
NullGfxDevice:
    Version:  NULL 1.0 [1.0]
    Renderer: Null Device
    Vendor:   Unity Technologies
Initialize mono
Mono path[0] = 'C:/Program Files/Unity/Hub/Editor/6000.4.0f1/Editor/Data/Managed'
Mono path[1] = 'C:/Program Files/Unity/Hub/Editor/6000.4.0f1/Editor/Data/MonoBleedingEdge/lib/mono/unityjit-win32'
Mono config path = 'C:/Program Files/Unity/Hub/Editor/6000.4.0f1/Editor/Data/MonoBleedingEdge/etc'
Using monoOptions --debugger-agent=transport=dt_socket,embedding=1,server=y,suspend=n,address=127.0.0.1:56352
CodeReloadManager initialized
Using cacheserver namespaces - metadata:defaultmetadata, artifacts:defaultartifacts
Using cacheserver namespaces - metadata:defaultmetadata, artifacts:defaultartifacts
ImportWorker Server TCP listen port: 0
AcceleratorClientConnectionCallback - disconnected - :0
Begin MonoManager ReloadAssembly
Registering precompiled unity dll's ...
Register platform support module: C:/Program Files/Unity/Hub/Editor/6000.4.0f1/Editor/Data/PlaybackEngines/WebGLSupport/UnityEditor.WebGL.Extensions.dll
Register platform support module: C:/Program Files/Unity/Hub/Editor/6000.4.0f1/Editor/Data/PlaybackEngines/WindowsStandaloneSupport/UnityEditor.WindowsStandalone.Extensions.dll
Registered in 0.005449 seconds.
Native extension for WindowsStandalone target not found
Native extension for WebGL target not found
Package Manager log level set to [2]
ScheduleIndexationOnStartup MainProcess:False IndexOnStartup:True
Mono: successfully reloaded assembly
- Finished resetting the current domain, in  0.702 seconds
Domain Reload Profiling: 2982ms
	BeginReloadAssembly (204ms)
		CreateAndSetChildDomain (8ms)
	RebuildCommonClasses (66ms)
	RebuildNativeTypeToScriptingClass (18ms)
	initialDomainReloadingComplete (98ms)
	LoadAllAssembliesAndSetupDomain (1891ms)
		LoadAssemblies (199ms)
		AnalyzeDomain (1868ms)
			TypeCache.Refresh (1866ms)
				TypeCache.ScanAssembly (1845ms)
	FinalizeReload (706ms)
		SetupLoadedEditorAssemblies (0ms)
			InitializePlatformSupportModulesInManaged (71ms)
			BeforeProcessingInitializeOnLoad (103ms)
			ProcessInitializeOnLoadAttributes (195ms)
			ProcessInitializeOnLoadMethodAttributes (220ms)
[Licensing::Client] Successfully resolved entitlement details
[Licensing::Module] License group:
  Id: F4-DWZD-FQ9A-QYB4-FPAF-XXXX
  Product: Unity Personal
  Type: ULF
  Expiration: Unlimited
[Licensing::Module] License group:
  Id: 4674177466942-UnityPersXXXX
  Product: Unity Personal
  Type: Assigned
  Expiration: Unlimited
Application.AssetDatabase Initial Refresh Start
[Package Manager] Restoring resolved packages state from cache
[Licensing::Client] Successfully resolved entitlement details
[Package Manager] Registered 72 packages:
  Packages from [https://packages.unity.com]:
    com.unity.ai.navigation@2.0.11 (location: C:\VSCode\Runner-Game-3D-Online\Library\PackageCache\com.unity.ai.navigation@78534c21b27d)
    com.unity.cinemachine@2.10.6 (location: C:\VSCode\Runner-Game-3D-Online\Library\PackageCache\com.unity.cinemachine@038db813add5)
    com.unity.collab-proxy@2.11.4 (location: C:\VSCode\Runner-Game-3D-Online\Library\PackageCache\com.unity.collab-proxy@a5329f833fa8)
    com.unity.ide.rider@3.0.39 (location: C:\VSCode\Runner-Game-3D-Online\Library\PackageCache\com.unity.ide.rider@4504839d03f7)
    com.unity.ide.visualstudio@2.0.27 (location: C:\VSCode\Runner-Game-3D-Online\Library\PackageCache\com.unity.ide.visualstudio@dc1ddd4f09b6)
    com.unity.ide.vscode@1.2.5 (location: C:\VSCode\Runner-Game-3D-Online\Library\PackageCache\com.unity.ide.vscode@82e68656b7bd)
    com.unity.inputsystem@1.19.0 (location: C:\VSCode\Runner-Game-3D-Online\Library\PackageCache\com.unity.inputsystem@21a28c3a6c83)
    com.unity.netcode.gameobjects@2.11.0 (location: C:\VSCode\Runner-Game-3D-Online\Library\PackageCache\com.unity.netcode.gameobjects@60c1d83693e8)
    com.unity.postprocessing@3.5.1 (location: C:\VSCode\Runner-Game-3D-Online\Library\PackageCache\com.unity.postprocessing@4a41da475b74)
    com.unity.probuilder@6.0.9 (location: C:\VSCode\Runner-Game-3D-Online\Library\PackageCache\com.unity.probuilder@1f279ab829b7)
    com.unity.services.authentication@3.6.1 (location: C:\VSCode\Runner-Game-3D-Online\Library\PackageCache\com.unity.services.authentication@1cdc3224fb13)
    com.unity.services.core@1.16.0 (location: C:\VSCode\Runner-Game-3D-Online\Library\PackageCache\com.unity.services.core@8ba50f624741)
    com.unity.services.multiplayer@2.2.1 (location: C:\VSCode\Runner-Game-3D-Online\Library\PackageCache\com.unity.services.multiplayer@7c91ae1e57ac)
    com.unity.timeline@1.8.11 (location: C:\VSCode\Runner-Game-3D-Online\Library\PackageCache\com.unity.timeline@bfd27f8016ff)
    com.unity.transport@2.7.2 (location: C:\VSCode\Runner-Game-3D-Online\Library\PackageCache\com.unity.transport@ed7eca02732f)
    com.unity.visualscripting@1.9.10 (location: C:\VSCode\Runner-Game-3D-Online\Library\PackageCache\com.unity.visualscripting@eb6004dcc707)
    com.unity.burst@1.8.28 (location: C:\VSCode\Runner-Game-3D-Online\Library\PackageCache\com.unity.burst@07790c2d06d9)
    com.unity.mathematics@1.3.3 (location: C:\VSCode\Runner-Game-3D-Online\Library\PackageCache\com.unity.mathematics@19a9377c4ffa)
    com.unity.services.qos@1.4.1 (location: C:\VSCode\Runner-Game-3D-Online\Library\PackageCache\com.unity.services.qos@03d4b52d4980)
    com.unity.services.wire@1.4.3 (location: C:\VSCode\Runner-Game-3D-Online\Library\PackageCache\com.unity.services.wire@d50817c0adab)
    com.unity.services.deployment@1.7.2 (location: C:\VSCode\Runner-Game-3D-Online\Library\PackageCache\com.unity.services.deployment@c07c64f9804b)
    com.unity.nuget.newtonsoft-json@3.2.2 (location: C:\VSCode\Runner-Game-3D-Online\Library\PackageCache\com.unity.nuget.newtonsoft-json@4dfd81071c64)
    com.unity.settings-manager@2.1.1 (location: C:\VSCode\Runner-Game-3D-Online\Library\PackageCache\com.unity.settings-manager@0b8638c5ce86)
    com.unity.nuget.mono-cecil@1.11.6 (location: C:\VSCode\Runner-Game-3D-Online\Library\PackageCache\com.unity.nuget.mono-cecil@ecb9724e46ff)
    com.unity.test-framework.performance@3.2.0 (location: C:\VSCode\Runner-Game-3D-Online\Library\PackageCache\com.unity.test-framework.performance@0840f58e4562)
    com.unity.services.deployment.api@1.1.3 (location: C:\VSCode\Runner-Game-3D-Online\Library\PackageCache\com.unity.services.deployment.api@9becf6da0f1a)
    com.unity.searcher@4.9.4 (location: C:\VSCode\Runner-Game-3D-Online\Library\PackageCache\com.unity.searcher@d45a78918735)
  Built-in packages:
    com.unity.multiplayer.center@1.0.1 (location: C:\VSCode\Runner-Game-3D-Online\Library\PackageCache\com.unity.multiplayer.center@f01f4ba8d00a)
    com.unity.render-pipelines.universal@17.4.0 (location: C:\VSCode\Runner-Game-3D-Online\Library\PackageCache\com.unity.render-pipelines.universal@0c5162adfb45)
    com.unity.test-framework@1.6.0 (location: C:\VSCode\Runner-Game-3D-Online\Library\PackageCache\com.unity.test-framework@629486125cfc)
    com.unity.ugui@2.0.0 (location: C:\VSCode\Runner-Game-3D-Online\Library\PackageCache\com.unity.ugui@3dd2fbd8c1f1)
    com.unity.modules.accessibility@1.0.0 (location: C:\VSCode\Runner-Game-3D-Online\Library\PackageCache\com.unity.modules.accessibility)
    com.unity.modules.adaptiveperformance@1.0.0 (location: C:\VSCode\Runner-Game-3D-Online\Library\PackageCache\com.unity.modules.adaptiveperformance)
    com.unity.modules.ai@1.0.0 (location: C:\VSCode\Runner-Game-3D-Online\Library\PackageCache\com.unity.modules.ai)
    com.unity.modules.androidjni@1.0.0 (location: C:\VSCode\Runner-Game-3D-Online\Library\PackageCache\com.unity.modules.androidjni)
    com.unity.modules.animation@1.0.0 (location: C:\VSCode\Runner-Game-3D-Online\Library\PackageCache\com.unity.modules.animation)
    com.unity.modules.assetbundle@1.0.0 (location: C:\VSCode\Runner-Game-3D-Online\Library\PackageCache\com.unity.modules.assetbundle)
    com.unity.modules.audio@1.0.0 (location: C:\VSCode\Runner-Game-3D-Online\Library\PackageCache\com.unity.modules.audio)
    com.unity.modules.cloth@1.0.0 (location: C:\VSCode\Runner-Game-3D-Online\Library\PackageCache\com.unity.modules.cloth)
    com.unity.modules.director@1.0.0 (location: C:\VSCode\Runner-Game-3D-Online\Library\PackageCache\com.unity.modules.director)
    com.unity.modules.imageconversion@1.0.0 (location: C:\VSCode\Runner-Game-3D-Online\Library\PackageCache\com.unity.modules.imageconversion)
    com.unity.modules.imgui@1.0.0 (location: C:\VSCode\Runner-Game-3D-Online\Library\PackageCache\com.unity.modules.imgui)
    com.unity.modules.jsonserialize@1.0.0 (location: C:\VSCode\Runner-Game-3D-Online\Library\PackageCache\com.unity.modules.jsonserialize)
    com.unity.modules.particlesystem@1.0.0 (location: C:\VSCode\Runner-Game-3D-Online\Library\PackageCache\com.unity.modules.particlesystem)
    com.unity.modules.physics@1.0.0 (location: C:\VSCode\Runner-Game-3D-Online\Library\PackageCache\com.unity.modules.physics)
    com.unity.modules.physics2d@1.0.0 (location: C:\VSCode\Runner-Game-3D-Online\Library\PackageCache\com.unity.modules.physics2d)
    com.unity.modules.screencapture@1.0.0 (location: C:\VSCode\Runner-Game-3D-Online\Library\PackageCache\com.unity.modules.screencapture)
    com.unity.modules.terrain@1.0.0 (location: C:\VSCode\Runner-Game-3D-Online\Library\PackageCache\com.unity.modules.terrain)
    com.unity.modules.terrainphysics@1.0.0 (location: C:\VSCode\Runner-Game-3D-Online\Library\PackageCache\com.unity.modules.terrainphysics)
    com.unity.modules.tilemap@1.0.0 (location: C:\VSCode\Runner-Game-3D-Online\Library\PackageCache\com.unity.modules.tilemap)
    com.unity.modules.ui@1.0.0 (location: C:\VSCode\Runner-Game-3D-Online\Library\PackageCache\com.unity.modules.ui)
    com.unity.modules.uielements@1.0.0 (location: C:\VSCode\Runner-Game-3D-Online\Library\PackageCache\com.unity.modules.uielements)
    com.unity.modules.umbra@1.0.0 (location: C:\VSCode\Runner-Game-3D-Online\Library\PackageCache\com.unity.modules.umbra)
    com.unity.modules.unityanalytics@1.0.0 (location: C:\VSCode\Runner-Game-3D-Online\Library\PackageCache\com.unity.modules.unityanalytics)
    com.unity.modules.unitywebrequest@1.0.0 (location: C:\VSCode\Runner-Game-3D-Online\Library\PackageCache\com.unity.modules.unitywebrequest)
    com.unity.modules.unitywebrequestassetbundle@1.0.0 (location: C:\VSCode\Runner-Game-3D-Online\Library\PackageCache\com.unity.modules.unitywebrequestassetbundle)
    com.unity.modules.unitywebrequestaudio@1.0.0 (location: C:\VSCode\Runner-Game-3D-Online\Library\PackageCache\com.unity.modules.unitywebrequestaudio)
    com.unity.modules.unitywebrequesttexture@1.0.0 (location: C:\VSCode\Runner-Game-3D-Online\Library\PackageCache\com.unity.modules.unitywebrequesttexture)
    com.unity.modules.unitywebrequestwww@1.0.0 (location: C:\VSCode\Runner-Game-3D-Online\Library\PackageCache\com.unity.modules.unitywebrequestwww)
    com.unity.modules.vectorgraphics@1.0.0 (location: C:\VSCode\Runner-Game-3D-Online\Library\PackageCache\com.unity.modules.vectorgraphics)
    com.unity.modules.vehicles@1.0.0 (location: C:\VSCode\Runner-Game-3D-Online\Library\PackageCache\com.unity.modules.vehicles)
    com.unity.modules.video@1.0.0 (location: C:\VSCode\Runner-Game-3D-Online\Library\PackageCache\com.unity.modules.video)
    com.unity.modules.vr@1.0.0 (location: C:\VSCode\Runner-Game-3D-Online\Library\PackageCache\com.unity.modules.vr)
    com.unity.modules.wind@1.0.0 (location: C:\VSCode\Runner-Game-3D-Online\Library\PackageCache\com.unity.modules.wind)
    com.unity.modules.xr@1.0.0 (location: C:\VSCode\Runner-Game-3D-Online\Library\PackageCache\com.unity.modules.xr)
    com.unity.modules.subsystems@1.0.0 (location: C:\VSCode\Runner-Game-3D-Online\Library\PackageCache\com.unity.modules.subsystems)
    com.unity.modules.hierarchycore@1.0.0 (location: C:\VSCode\Runner-Game-3D-Online\Library\PackageCache\com.unity.modules.hierarchycore)
    com.unity.collections@6.4.0 (location: C:\VSCode\Runner-Game-3D-Online\Library\PackageCache\com.unity.collections@538ace9075bc)
    com.unity.ext.nunit@2.0.5 (location: C:\VSCode\Runner-Game-3D-Online\Library\PackageCache\com.unity.ext.nunit@d8c07649098d)
    com.unity.render-pipelines.core@17.4.0 (location: C:\VSCode\Runner-Game-3D-Online\Library\PackageCache\com.unity.render-pipelines.core@6a60abc179f8)
    com.unity.shadergraph@17.4.0 (location: C:\VSCode\Runner-Game-3D-Online\Library\PackageCache\com.unity.shadergraph@c6e5f4d3afa5)
    com.unity.render-pipelines.universal-config@17.4.0 (location: C:\VSCode\Runner-Game-3D-Online\Library\PackageCache\com.unity.render-pipelines.universal-config@0db4263b9e6b)
[Package Manager] com.unity.ide.vscode is deprecated: Visual Studio Code package is not supported anymore. You can continue to use it, but we won't provide any update anymore.
[Subsystems] No new subsystems found in resolved package list.
[Package Manager] Done registering packages in 0.04 seconds
[ScriptCompilation] Requested script compilation because: AssetDatabase observed changes in script compilation related files
Starting: C:\Program Files\Unity\Hub\Editor\6000.4.0f1\Editor\Data\Tools\BuildPipeline\bee_backend.exe --ipc --defer-dag-verification --dagfile="Library/Bee/2000b0aE.dag" --continue-on-failure --profile="Library/Bee/backend1.traceevents" ScriptAssemblies
WorkingDir: C:/VSCode/Runner-Game-3D-Online
DisplayProgressbar: Compiling Scripts
ExitCode: 0 Duration: 24s
[ 324/1499  0s] WriteResponseFile Library/Bee/artifacts/rsp/4747638433968585886.rsp
[1145/1499  3s] ILPP-Configuration Library/ilpp-configuration.nevergeneratedoutput
[BUSY       9s] Csc Library/Bee/artifacts/2000b0aE.dag/Assembly-CSharp.dll (+2 others)
[1491/1499 11s] Csc Library/Bee/artifacts/2000b0aE.dag/Assembly-CSharp.dll (+2 others)
[1492/1499  0s] Csc Library/Bee/artifacts/2000b0aE.dag/Assembly-CSharp-Editor.dll (+2 others)
[BUSY       6s] ILPostProcess Library/Bee/artifacts/2000b0aE.dag/post-processed/Assembly-CSharp-Editor.dll (+pdb)
[1493/1499 10s] ILPostProcess Library/Bee/artifacts/2000b0aE.dag/post-processed/Assembly-CSharp-Editor.dll (+pdb)
Processing assembly Library/Bee/artifacts/2000b0aE.dag/Assembly-CSharp-Editor.dll, with 116 defines and 371 references

processors: Unity.Jobs.CodeGen.JobsILPostProcessor, Unity.Netcode.Editor.CodeGen.INetworkMessageILPP, Unity.Netcode.Editor.CodeGen.INetworkSerializableILPP, Unity.Netcode.Editor.CodeGen.NetworkBehaviourILPP, Unity.Netcode.Editor.CodeGen.RuntimeAccessModifiersILPP, zzzUnity.Burst.CodeGen.BurstILPostProcessor

running Unity.Jobs.CodeGen.JobsILPostProcessor

running Unity.Netcode.Editor.CodeGen.INetworkMessageILPP

running Unity.Netcode.Editor.CodeGen.INetworkSerializableILPP

running Unity.Netcode.Editor.CodeGen.NetworkBehaviourILPP

running Unity.Netcode.Editor.CodeGen.RuntimeAccessModifiersILPP

running zzzUnity.Burst.CodeGen.BurstILPostProcessor
[1494/1499  0s] CopyFiles Library/ScriptAssemblies/Assembly-CSharp-Editor.pdb
[1495/1499  0s] CopyFiles Library/ScriptAssemblies/Assembly-CSharp-Editor.dll
[1496/1499 11s] ILPostProcess Library/Bee/artifacts/2000b0aE.dag/post-processed/Assembly-CSharp.dll (+pdb)
Processing assembly Library/Bee/artifacts/2000b0aE.dag/Assembly-CSharp.dll, with 118 defines and 346 references

processors: Unity.Jobs.CodeGen.JobsILPostProcessor, Unity.Netcode.Editor.CodeGen.INetworkMessageILPP, Unity.Netcode.Editor.CodeGen.INetworkSerializableILPP, Unity.Netcode.Editor.CodeGen.NetworkBehaviourILPP, Unity.Netcode.Editor.CodeGen.RuntimeAccessModifiersILPP, zzzUnity.Burst.CodeGen.BurstILPostProcessor

running Unity.Jobs.CodeGen.JobsILPostProcessor

running Unity.Netcode.Editor.CodeGen.INetworkMessageILPP

running Unity.Netcode.Editor.CodeGen.INetworkSerializableILPP

running Unity.Netcode.Editor.CodeGen.NetworkBehaviourILPP

running Unity.Netcode.Editor.CodeGen.RuntimeAccessModifiersILPP

running zzzUnity.Burst.CodeGen.BurstILPostProcessor
[1497/1499  0s] CopyFiles Library/ScriptAssemblies/Assembly-CSharp.pdb
[1498/1499  0s] CopyFiles Library/ScriptAssemblies/Assembly-CSharp.dll
*** Tundra build success (24.46 seconds), 10 items updated, 1499 evaluated
AssetDatabase: script compilation time: 25.573339s
Begin MonoManager ReloadAssembly
Assembly Assembly-CSharp-Editor-firstpass.dll at Library/ScriptAssemblies/Assembly-CSharp-Editor-firstpass.dll not valid. Loading of assembly skipped.
Assembly Assembly-CSharp-firstpass.dll at Library/ScriptAssemblies/Assembly-CSharp-firstpass.dll not valid. Loading of assembly skipped.
Assembly Cinemachine.Editor.Tests.dll at Library/ScriptAssemblies/Cinemachine.Editor.Tests.dll not valid. Loading of assembly skipped.
Assembly Cinemachine.Runtime.Tests.dll at Library/ScriptAssemblies/Cinemachine.Runtime.Tests.dll not valid. Loading of assembly skipped.
Assembly DocCodeExamples.dll at Library/ScriptAssemblies/DocCodeExamples.dll not valid. Loading of assembly skipped.
Assembly TestNewCustomAssembly.dll at Library/ScriptAssemblies/TestNewCustomAssembly.dll not valid. Loading of assembly skipped.
Assembly Unity.Collections.BurstCompatibilityGen.dll at Library/ScriptAssemblies/Unity.Collections.BurstCompatibilityGen.dll not valid. Loading of assembly skipped.
Assembly Unity.Collections.DocCodeSamples.dll at Library/ScriptAssemblies/Unity.Collections.DocCodeSamples.dll not valid. Loading of assembly skipped.
Assembly Unity.Collections.PerformanceTests.dll at Library/ScriptAssemblies/Unity.Collections.PerformanceTests.dll not valid. Loading of assembly skipped.
Assembly Unity.Collections.Tests.dll at Library/ScriptAssemblies/Unity.Collections.Tests.dll not valid. Loading of assembly skipped.
Assembly Unity.Collections.Tests.Playmode.dll at Library/ScriptAssemblies/Unity.Collections.Tests.Playmode.dll not valid. Loading of assembly skipped.
Assembly Unity.InputSystem.IntegrationTests.dll at Library/ScriptAssemblies/Unity.InputSystem.IntegrationTests.dll not valid. Loading of assembly skipped.
Assembly Unity.Mathematics.Tests.dll at Library/ScriptAssemblies/Unity.Mathematics.Tests.dll not valid. Loading of assembly skipped.
Assembly Unity.Multiplayer.Center.Editor.Tests.dll at Library/ScriptAssemblies/Unity.Multiplayer.Center.Editor.Tests.dll not valid. Loading of assembly skipped.
Assembly Unity.Multiplayer.Center.Tests.dll at Library/ScriptAssemblies/Unity.Multiplayer.Center.Tests.dll not valid. Loading of assembly skipped.
Assembly Unity.Netcode.Editor.Tests.dll at Library/ScriptAssemblies/Unity.Netcode.Editor.Tests.dll not valid. Loading of assembly skipped.
Assembly Unity.Netcode.Runtime.Tests.dll at Library/ScriptAssemblies/Unity.Netcode.Runtime.Tests.dll not valid. Loading of assembly skipped.
Assembly Unity.Nuget.Mono-Cecil.dll at Library/ScriptAssemblies/Unity.Nuget.Mono-Cecil.dll not valid. Loading of assembly skipped.
Assembly Unity.PathTracing.Editor.Tests.dll at Library/ScriptAssemblies/Unity.PathTracing.Editor.Tests.dll not valid. Loading of assembly skipped.
Assembly Unity.PathTracing.Runtime.Tests.dll at Library/ScriptAssemblies/Unity.PathTracing.Runtime.Tests.dll not valid. Loading of assembly skipped.
Assembly Unity.Postprocessing.Editor.Tests.dll at Library/ScriptAssemblies/Unity.Postprocessing.Editor.Tests.dll not valid. Loading of assembly skipped.
Assembly Unity.Postprocessing.Runtime.Tests.dll at Library/ScriptAssemblies/Unity.Postprocessing.Runtime.Tests.dll not valid. Loading of assembly skipped.
Assembly Unity.RenderPipelines.Core.Editor.Tests.dll at Library/ScriptAssemblies/Unity.RenderPipelines.Core.Editor.Tests.dll not valid. Loading of assembly skipped.
Assembly Unity.RenderPipelines.Core.Runtime.Tests.dll at Library/ScriptAssemblies/Unity.RenderPipelines.Core.Runtime.Tests.dll not valid. Loading of assembly skipped.
Assembly Unity.RenderPipelines.Universal.Config.Editor.Tests.dll at Library/ScriptAssemblies/Unity.RenderPipelines.Universal.Config.Editor.Tests.dll not valid. Loading of assembly skipped.
Assembly Unity.RenderPipelines.Universal.Editor.Tests.dll at Library/ScriptAssemblies/Unity.RenderPipelines.Universal.Editor.Tests.dll not valid. Loading of assembly skipped.
Assembly Unity.RenderPipelines.Universal.Runtime.Tests.dll at Library/ScriptAssemblies/Unity.RenderPipelines.Universal.Runtime.Tests.dll not valid. Loading of assembly skipped.
Assembly Unity.Searcher.EditorTests.dll at Library/ScriptAssemblies/Unity.Searcher.EditorTests.dll not valid. Loading of assembly skipped.
Assembly Unity.Services.Authentication.PlayerAccounts.EditorTests.dll at Library/ScriptAssemblies/Unity.Services.Authentication.PlayerAccounts.EditorTests.dll not valid. Loading of assembly skipped.
Assembly Unity.Services.Authentication.PlayerAccounts.Tests.dll at Library/ScriptAssemblies/Unity.Services.Authentication.PlayerAccounts.Tests.dll not valid. Loading of assembly skipped.
Assembly Unity.Services.Authentication.Server.dll at Library/ScriptAssemblies/Unity.Services.Authentication.Server.dll not valid. Loading of assembly skipped.
Assembly Unity.Services.Authentication.Server.Tests.dll at Library/ScriptAssemblies/Unity.Services.Authentication.Server.Tests.dll not valid. Loading of assembly skipped.
Assembly Unity.Services.Multiplayer.Server.dll at Library/ScriptAssemblies/Unity.Services.Multiplayer.Server.dll not valid. Loading of assembly skipped.
Assembly Unity.Settings.Tests.dll at Library/ScriptAssemblies/Unity.Settings.Tests.dll not valid. Loading of assembly skipped.
Assembly Unity.ShaderGraph.Editor.Tests.dll at Library/ScriptAssemblies/Unity.ShaderGraph.Editor.Tests.dll not valid. Loading of assembly skipped.
Assembly Unity.TextMeshPro.Editor.Tests.dll at Library/ScriptAssemblies/Unity.TextMeshPro.Editor.Tests.dll not valid. Loading of assembly skipped.
Assembly Unity.TextMeshPro.Tests.dll at Library/ScriptAssemblies/Unity.TextMeshPro.Tests.dll not valid. Loading of assembly skipped.
Assembly Unity.UnifiedRayTracing.Editor.Tests.dll at Library/ScriptAssemblies/Unity.UnifiedRayTracing.Editor.Tests.dll not valid. Loading of assembly skipped.
Assembly UnityEditor.UI.Common.Tests.dll at Library/ScriptAssemblies/UnityEditor.UI.Common.Tests.dll not valid. Loading of assembly skipped.
Assembly UnityEditor.UI.EditorTests.dll at Library/ScriptAssemblies/UnityEditor.UI.EditorTests.dll not valid. Loading of assembly skipped.
Assembly UnityEngine.UI.Tests.dll at Library/ScriptAssemblies/UnityEngine.UI.Tests.dll not valid. Loading of assembly skipped.
Refreshing native plugins compatible for Editor in 15.30 ms, found 3 plugins.
Native extension for WindowsStandalone target not found
Native extension for WebGL target not found
Refreshing native plugins compatible for Editor in 8.86 ms, found 3 plugins.
[Licensing::Client] Successfully resolved entitlement details
[Licensing::Module] License group:
  Id: F4-DWZD-FQ9A-QYB4-FPAF-XXXX
  Product: Unity Personal
  Type: ULF
  Expiration: Unlimited
[Licensing::Module] License group:
  Id: 4674177466942-UnityPersXXXX
  Product: Unity Personal
  Type: Assigned
  Expiration: Unlimited
[MODES] ModeService[none].Initialize
[MODES] ModeService[none].LoadModes
[MODES] Loading mode Default (0) for mode-current-id-GAME
ScheduleIndexationOnStartup MainProcess:True IndexOnStartup:True
Mono: successfully reloaded assembly
- Finished resetting the current domain, in 10.608 seconds
Domain Reload Profiling: 51196ms
	BeginReloadAssembly (552ms)
		DisableScriptedObjects (59ms)
		CreateAndSetChildDomain (184ms)
	RebuildCommonClasses (67ms)
	RebuildNativeTypeToScriptingClass (23ms)
	initialDomainReloadingComplete (32492ms)
	LoadAllAssembliesAndSetupDomain (7451ms)
		LoadAssemblies (6992ms)
		AnalyzeDomain (656ms)
			TypeCache.Refresh (451ms)
				TypeCache.ScanAssembly (415ms)
			BuildScriptInfoCaches (181ms)
			ResolveRequiredComponents (21ms)
	FinalizeReload (10609ms)
		SetupLoadedEditorAssemblies (0ms)
			InitializePlatformSupportModulesInManaged (45ms)
			BeforeProcessingInitializeOnLoad (329ms)
			ProcessInitializeOnLoadAttributes (6641ms)
			ProcessInitializeOnLoadMethodAttributes (1547ms)
			AfterProcessingInitializeOnLoad (16ms)
		AwakeInstancesAfterBackupRestoration (41ms)
Refreshing native plugins compatible for Editor in 9.53 ms, found 3 plugins.
(Values over 0.050ms)
Asset Pipeline Refresh (id=3a3c329a17322e84d9f067a29c3b59e7): Total: 80.717 seconds - Initiated by InitialRefreshV2(ForceSynchronousImport)
	Summary:
		Imports: total=0 (actual=0, local cache=0, cache server=0)
		Asset DB Process Time: managed=0 ms, native=13776 ms
		Asset DB Callback time: managed=525 ms, native=110 ms
		Scripting: domain reloads=1, domain reload time=40603 ms, compile time=25578 ms, other=122 ms
		Project Asset Count: scripts=1982, non-scripts=3441
		Asset File Changes: new=0, changed=3, moved=0, deleted=0
		Scan Filter Count: 0
	InvokePackagesCallback: 84.261ms
	ApplyChangesToAssetFolders: 1.979ms
	Scan: 1522.548ms
	OnSourceAssetsModified: 2.581ms
	CategorizeScriptCompilationAssets: 491.446ms
	ProcessAssetsWithTransientArtifactChanges: 231.873ms
	CategorizeAssets: 222.225ms
	CompileScripts: 25577.924ms
	ImportOutOfDateAssets: 10663.881ms (10651.501ms without children)
		ReloadNativeAssets: 0.091ms
		UnloadImportedAssets: 8.212ms
		EnsureUptoDateAssetsAreRegisteredWithGuidPM: 2.414ms
		OnDemandSchedulerStart: 1.651ms
	PostProcessAllAssets: 534.730ms
		VCAutoAddAssetPostprocess 5.600ms
		XRBuildSystem.XRAssetImported 1.831ms
		WindowTitlePostprocess 0.403ms
		MonoPostProcessAllAssets: 523.745ms
			AssetPostprocessorProxy.OnPostprocessAllAssets 67.611ms
			AssetPostprocessor.OnPostprocessAllAssets 62.484ms
			StyleCatalogPostProcessor.OnPostprocessAllAssets 55.162ms
			NetworkPrefabProcessor.OnPostprocessAllAssets 42.234ms
			UniversalRenderPipelineGlobalSettingsPostprocessor.OnPostprocessAllAssets 31.959ms
			SyncVS.PostprocessSyncProject 22.549ms
			BuilderAssetPostprocessor.OnPostprocessAllAssets 15.072ms
			WindowAssetPostprocessingWatcher.OnPostprocessAllAssets 5.806ms
			SpeedTree9Postprocessor.OnPostprocessAllAssets 5.277ms
			AssetChangedListener.OnPostprocessAllAssets 3.843ms
			ShaderGraphAssetPostProcessor.OnPostprocessAllAssets 3.708ms
			RetainedModeAssetPostprocessor.OnPostprocessAllAssets 2.982ms
			RenderPipelineGlobalSettingsPostprocessor.OnPostprocessAllAssets 2.626ms
			MaterialPostprocessor.OnPostprocessAllAssets 2.077ms
			CubeLutAssetImporter.OnPostprocessAllAssets 1.197ms
			TextAssetPostProcessor.OnPostprocessAllAssets 1.082ms
			TMPro_TexturePostProcessor.OnPostprocessAllAssets 1.070ms
			ArtifactBrowserPostProcessor.OnPostprocessAllAssets 1.011ms
			UVCSAssetPostprocessor.OnPostprocessAllAssets 0.902ms
			InputActionAssetPostprocessor.OnPostprocessAllAssets 0.848ms
			PostProcessor.OnPostprocessAllAssets 0.834ms
			AssetDatabaseCallbacks.OnPostprocessAllAssets 0.746ms
			InputActionJsonNameModifierAssetProcessor.OnPostprocessAllAssets 0.726ms
			CinemachineSettings.OnPostprocessAllAssets 0.703ms
			TerrainToolbarOverlayPostProcessor.OnPostprocessAllAssets 0.653ms
			AudioMixerPostprocessor.OnPostprocessAllAssets 0.616ms
			ReferencedClipsPostProcessor.OnPostprocessAllAssets 0.603ms
			SpeedTreePostProcessor.OnPostprocessAllAssets 0.442ms
			ScenarioDriftAssetsTracker.OnPostprocessAllAssets 0.414ms
			ConfigAssetsTracker.OnPostprocessAllAssets 0.409ms
			AssetEvents.OnPostprocessAllAssets 0.406ms
			ProjectSettingsPostprocessor.OnPostprocessAllAssets 0.387ms
			SamplePostprocessor.OnPostprocessAllAssets 0.361ms
			AudioContainerPostProcessor.OnPostprocessAllAssets 0.117ms
	PostAssetChangesProfiler: 19.431ms
	UnloadStreamsBegin: 8.095ms
	PersistCurrentRevisions: 0.382ms
	GenerateScriptTypeHashes: 8.254ms
	GenerateScriptTypeSerializationHashes: 15.139ms
	Untracked: 41342.679ms

Application.AssetDatabase Initial Refresh End
Shader Hidden/ChartRasterizerHardware is not supported: GPU does not support conservative rasterization
Shader Hidden/ChartRasterizerHardware is not supported: GPU does not support conservative rasterization
Scanning for USB devices : 6.384ms
Initializing Unity extensions:
Unloading 44 Unused Serialized files (Serialized files now loaded: 0)
Unloading 9118 unused Assets / (4.1 MB). Loaded Objects now: 10009.
Memory consumption went from 223.8 MB to 219.7 MB.
Total: 36.247100 ms (FindLiveObjects: 1.490700 ms CreateObjectMapping: 2.611200 ms MarkObjects: 22.289300 ms  DeleteObjects: 9.604600 ms)

Batchmode quit successfully invoked - shutting down!
[Physics::Module] Cleanup current backend.
[Physics::Module] Id: 0xf2b8ea05
Input System module state changed to: ShutdownInProgress.
Input Polling Thread exited.
Input System module state changed to: Shutdown.
[Licensing::IpcConnector] LicenseClient-Nlicolas-notifications channel disconnected successfully.
[Licensing::IpcConnector] LicenseClient-Nlicolas channel disconnected successfully.
AcceleratorClientConnectionCallback - disconnected - :0
Cleanup mono
CodeReloadManager destroyed
Exiting batchmode successfully now!
Exiting without the bug reporter. Application will terminate with return code 0